22:21:07 **** Clean-only build of configuration ROM Execution for project asp ****
make -i clean 
rm -f asp.elf asp.syms asp.srec asp.bin
rm -f kernel_cfg.timestamp kernel_cfg.h kernel_cfg.c  cfg2_out.db
rm -f offset.timestamp offset.h
rm -f cfg1_out.syms cfg1_out.srec cfg1_out.elf
rm -f cfg1_out.timestamp cfg1_out.c cfg1_out.db
rm -rf ./gen
rm -f *.o 
rm -f deps/*.d  check.timestamp
rm -f libkernel.a
22:27:22 **** Build of configuration ROM Execution for project asp ****
make -i asp.bin EXECUTE_ON=ROM 
arm-atollic-eabi-gcc -c -MD -MP -MF deps/start.d -O2 -Wall -g   -mlittle-endian -mcpu=cortex-a9  -DTOPPERS_EXECUTE_ON_ROM -D__TARGET_ARCH_ARM=7  -I. -I../../../..//include  -I../../../..//target/gr_peach_gcc -I../../../..//arch/arm_gcc/rza1 -I../../../..//arch/arm_gcc/common -I../../../..//arch/gcc -I../../../../ -I../../../..//sample -I./gen -I../../../..//tecs_kernel -DALLFUNC  -I../../../..//kernel ../../../..//arch/arm_gcc/common/start.S
arm-atollic-eabi-gcc -c -MD -MP -MF deps/sample1.d -O2 -Wall -g   -mlittle-endian -mcpu=cortex-a9  -DTOPPERS_EXECUTE_ON_ROM -D__TARGET_ARCH_ARM=7  -I. -I../../../..//include  -I../../../..//target/gr_peach_gcc -I../../../..//arch/arm_gcc/rza1 -I../../../..//arch/arm_gcc/common -I../../../..//arch/gcc -I../../../../ -I../../../..//sample -I./gen -I../../../..//tecs_kernel  sample1.c
sample1.c:112:24: fatal error: kernel_cfg.h: No such file or directory
arm-atollic-eabi-gcc -c -MD -MP -MF deps/log_output.d -O2 -Wall -g   -mlittle-endian -mcpu=cortex-a9  -DTOPPERS_EXECUTE_ON_ROM -D__TARGET_ARCH_ARM=7  -I. -I../../../..//include  -I../../../..//target/gr_peach_gcc -I../../../..//arch/arm_gcc/rza1 -I../../../..//arch/arm_gcc/common -I../../../..//arch/gcc -I../../../../ -I../../../..//sample -I./gen -I../../../..//tecs_kernel  ../../../..//library/log_output.c
 #include "kernel_cfg.h"
                        ^
compilation terminated.
make: [Makefile:522: sample1.o] Error 1 (無視されました)
arm-atollic-eabi-gcc -c -MD -MP -MF deps/vasyslog.d -O2 -Wall -g   -mlittle-endian -mcpu=cortex-a9  -DTOPPERS_EXECUTE_ON_ROM -D__TARGET_ARCH_ARM=7  -I. -I../../../..//include  -I../../../..//target/gr_peach_gcc -I../../../..//arch/arm_gcc/rza1 -I../../../..//arch/arm_gcc/common -I../../../..//arch/gcc -I../../../../ -I../../../..//sample -I./gen -I../../../..//tecs_kernel  ../../../..//library/vasyslog.c
arm-atollic-eabi-gcc -c -MD -MP -MF deps/t_perror.d -O2 -Wall -g   -mlittle-endian -mcpu=cortex-a9  -DTOPPERS_EXECUTE_ON_ROM -D__TARGET_ARCH_ARM=7  -I. -I../../../..//include  -I../../../..//target/gr_peach_gcc -I../../../..//arch/arm_gcc/rza1 -I../../../..//arch/arm_gcc/common -I../../../..//arch/gcc -I../../../../ -I../../../..//sample -I./gen -I../../../..//tecs_kernel  ../../../..//library/t_perror.c
arm-atollic-eabi-gcc -c -MD -MP -MF deps/strerror.d -O2 -Wall -g   -mlittle-endian -mcpu=cortex-a9  -DTOPPERS_EXECUTE_ON_ROM -D__TARGET_ARCH_ARM=7  -I. -I../../../..//include  -I../../../..//target/gr_peach_gcc -I../../../..//arch/arm_gcc/rza1 -I../../../..//arch/arm_gcc/common -I../../../..//arch/gcc -I../../../../ -I../../../..//sample -I./gen -I../../../..//tecs_kernel  ../../../..//library/strerror.c
arm-atollic-eabi-gcc -c -MD -MP -MF deps/init_tecs.d -O2 -Wall -g   -mlittle-endian -mcpu=cortex-a9  -DTOPPERS_EXECUTE_ON_ROM -D__TARGET_ARCH_ARM=7  -I. -I../../../..//include  -I../../../..//target/gr_peach_gcc -I../../../..//arch/arm_gcc/rza1 -I../../../..//arch/arm_gcc/common -I../../../..//arch/gcc -I../../../../ -I../../../..//sample -I./gen -I../../../..//tecs_kernel  ../../../..//tecs_kernel/init_tecs.c
../../../..//tecs_kernel/init_tecs.c:7:28: fatal error: global_tecsgen.h: No such file or directory
arm-atollic-eabi-gcc -c -MD -MP -MF deps/sf_boot.d -O2 -Wall -g   -mlittle-endian -mcpu=cortex-a9  -DTOPPERS_EXECUTE_ON_ROM -D__TARGET_ARCH_ARM=7  -I. -I../../../..//include  -I../../../..//target/gr_peach_gcc -I../../../..//arch/arm_gcc/rza1 -I../../../..//arch/arm_gcc/common -I../../../..//arch/gcc -I../../../../ -I../../../..//sample -I./gen -I../../../..//tecs_kernel  ../../../..//target/gr_peach_gcc/sf_boot.c
 #include "global_tecsgen.h"
                            ^
compilation terminated.
make: [Makefile:513: init_tecs.o] Error 1 (無視されました)
ruby -Eutf-8 ../../../..//tecsgen/tecsgen.rb ../../../..//sample/sample1.cdl -R -I. -I../../../..//include  -I../../../..//target/gr_peach_gcc -I../../../..//arch/arm_gcc/rza1 -I../../../..//arch/arm_gcc/common -I../../../..//arch/gcc -I../../../../ -I../../../..//sample -I./gen -I../../../..//tecs_kernel --cpp "arm-atollic-eabi-gcc  -DTOPPERS_EXECUTE_ON_ROM -D__TARGET_ARCH_ARM=7  -I. -I../../../..//include  -I../../../..//target/gr_peach_gcc -I../../../..//arch/arm_gcc/rza1 -I../../../..//arch/arm_gcc/common -I../../../..//arch/gcc -I../../../../ -I../../../..//sample -I./gen -I../../../..//tecs_kernel  -D TECSGEN -E" -g ./gen
tecsgen  version 1.6.0  Copyright(c) 2008-2018, TOPPERS project. All rights reserved.
ruby -Eutf-8 ../../../..//cfg/cfg.rb --pass 1 --kernel asp -I. -I../../../..//include  -I../../../..//target/gr_peach_gcc -I../../../..//arch/arm_gcc/rza1 -I../../../..//arch/arm_gcc/common -I../../../..//arch/gcc -I../../../../ -I../../../..//sample -I./gen -I../../../..//tecs_kernel --api-table ../../../..//kernel/kernel_api.def --symval-table ../../../..//kernel/kernel_sym.def  --symval-table ../../../..//arch/arm_gcc/rza1/chip_sym.def --symval-table ../../../..//arch/arm_gcc/common/core_sym.def \
					-M deps/cfg1_out_c.d ../../../..//target/gr_peach_gcc/target_kernel.cfg sample1.cfg
[cfg.rb] Generated cfg1_out.c
arm-atollic-eabi-gcc -c -MD -MP -MF deps/cfg1_out.d -O2 -Wall -g   -mlittle-endian -mcpu=cortex-a9  -DTOPPERS_EXECUTE_ON_ROM -D__TARGET_ARCH_ARM=7  -I. -I../../../..//include  -I../../../..//target/gr_peach_gcc -I../../../..//arch/arm_gcc/rza1 -I../../../..//arch/arm_gcc/common -I../../../..//arch/gcc -I../../../../ -I../../../..//sample -I./gen -I../../../..//tecs_kernel -DTOPPERS_CB_TYPE_ONLY  cfg1_out.c
arm-atollic-eabi-gcc -O2 -Wall -g   -mlittle-endian -mcpu=cortex-a9  -DTOPPERS_EXECUTE_ON_ROM -D__TARGET_ARCH_ARM=7  -I. -I../../../..//include  -I../../../..//target/gr_peach_gcc -I../../../..//arch/arm_gcc/rza1 -I../../../..//arch/arm_gcc/common -I../../../..//arch/gcc -I../../../../ -I../../../..//sample -I./gen -I../../../..//tecs_kernel -nostdlib  -mlittle-endian -mcpu=cortex-a9  -Wl,-T,../../../..//target/gr_peach_gcc/gr_peach_rom.ld  -o cfg1_out.elf \
					start.o cfg1_out.o 
arm-atollic-eabi-nm -n cfg1_out.elf > cfg1_out.syms
arm-atollic-eabi-objcopy -O srec -S cfg1_out.elf cfg1_out.srec
ruby -Eutf-8 ../../../..//cfg/cfg.rb --pass 2 --kernel asp -I. -I../../../..//include  -I../../../..//target/gr_peach_gcc -I../../../..//arch/arm_gcc/rza1 -I../../../..//arch/arm_gcc/common -I../../../..//arch/gcc -I../../../../ -I../../../..//sample -I./gen -I../../../..//tecs_kernel -T ../../../..//target/gr_peach_gcc/target_kernel.trb
[cfg.rb] Generated kernel_cfg.h
[cfg.rb] Generated kernel_cfg.c
arm-atollic-eabi-gcc -c -MD -MP -MF deps/kernel_cfg.d -O2 -Wall -g   -mlittle-endian -mcpu=cortex-a9  -DTOPPERS_EXECUTE_ON_ROM -D__TARGET_ARCH_ARM=7  -I. -I../../../..//include  -I../../../..//target/gr_peach_gcc -I../../../..//arch/arm_gcc/rza1 -I../../../..//arch/arm_gcc/common -I../../../..//arch/gcc -I../../../../ -I../../../..//sample -I./gen -I../../../..//tecs_kernel -DTOPPERS_CB_TYPE_ONLY  kernel_cfg.c
ruby -Eutf-8 ../../../..//cfg/cfg.rb --pass 2 -O --kernel asp -I. -I../../../..//include  -I../../../..//target/gr_peach_gcc -I../../../..//arch/arm_gcc/rza1 -I../../../..//arch/arm_gcc/common -I../../../..//arch/gcc -I../../../../ -I../../../..//sample -I./gen -I../../../..//tecs_kernel -T ../../../..//arch/arm_gcc/common/core_offset.trb \
			--rom-symbol cfg1_out.syms --rom-image cfg1_out.srec
[cfg.rb] Generated offset.h
arm-atollic-eabi-gcc -c -MD -MP -MF deps/target_support.d -O2 -Wall -g   -mlittle-endian -mcpu=cortex-a9  -DTOPPERS_EXECUTE_ON_ROM -D__TARGET_ARCH_ARM=7  -I. -I../../../..//include  -I../../../..//target/gr_peach_gcc -I../../../..//arch/arm_gcc/rza1 -I../../../..//arch/arm_gcc/common -I../../../..//arch/gcc -I../../../../ -I../../../..//sample -I./gen -I../../../..//tecs_kernel -DALLFUNC  -I../../../..//kernel ../../../..//target/gr_peach_gcc/target_support.S
arm-atollic-eabi-gcc -c -MD -MP -MF deps/gic_support.d -O2 -Wall -g   -mlittle-endian -mcpu=cortex-a9  -DTOPPERS_EXECUTE_ON_ROM -D__TARGET_ARCH_ARM=7  -I. -I../../../..//include  -I../../../..//target/gr_peach_gcc -I../../../..//arch/arm_gcc/rza1 -I../../../..//arch/arm_gcc/common -I../../../..//arch/gcc -I../../../../ -I../../../..//sample -I./gen -I../../../..//tecs_kernel -DALLFUNC  -I../../../..//kernel ../../../..//arch/arm_gcc/common/gic_support.S
arm-atollic-eabi-gcc -c -MD -MP -MF deps/core_support.d -O2 -Wall -g   -mlittle-endian -mcpu=cortex-a9  -DTOPPERS_EXECUTE_ON_ROM -D__TARGET_ARCH_ARM=7  -I. -I../../../..//include  -I../../../..//target/gr_peach_gcc -I../../../..//arch/arm_gcc/rza1 -I../../../..//arch/arm_gcc/common -I../../../..//arch/gcc -I../../../../ -I../../../..//sample -I./gen -I../../../..//tecs_kernel -DALLFUNC  -I../../../..//kernel ../../../..//arch/arm_gcc/common/core_support.S
arm-atollic-eabi-gcc -c -MD -MP -MF deps/target_kernel_impl.d -O2 -Wall -g   -mlittle-endian -mcpu=cortex-a9  -DTOPPERS_EXECUTE_ON_ROM -D__TARGET_ARCH_ARM=7  -I. -I../../../..//include  -I../../../..//target/gr_peach_gcc -I../../../..//arch/arm_gcc/rza1 -I../../../..//arch/arm_gcc/common -I../../../..//arch/gcc -I../../../../ -I../../../..//sample -I./gen -I../../../..//tecs_kernel -DALLFUNC  -I../../../..//kernel ../../../..//target/gr_peach_gcc/target_kernel_impl.c
arm-atollic-eabi-gcc -c -MD -MP -MF deps/pl310.d -O2 -Wall -g   -mlittle-endian -mcpu=cortex-a9  -DTOPPERS_EXECUTE_ON_ROM -D__TARGET_ARCH_ARM=7  -I. -I../../../..//include  -I../../../..//target/gr_peach_gcc -I../../../..//arch/arm_gcc/rza1 -I../../../..//arch/arm_gcc/common -I../../../..//arch/gcc -I../../../../ -I../../../..//sample -I./gen -I../../../..//tecs_kernel -DALLFUNC  -I../../../..//kernel ../../../..//arch/arm_gcc/common/pl310.c
arm-atollic-eabi-gcc -c -MD -MP -MF deps/chip_kernel_impl.d -O2 -Wall -g   -mlittle-endian -mcpu=cortex-a9  -DTOPPERS_EXECUTE_ON_ROM -D__TARGET_ARCH_ARM=7  -I. -I../../../..//include  -I../../../..//target/gr_peach_gcc -I../../../..//arch/arm_gcc/rza1 -I../../../..//arch/arm_gcc/common -I../../../..//arch/gcc -I../../../../ -I../../../..//sample -I./gen -I../../../..//tecs_kernel -DALLFUNC  -I../../../..//kernel ../../../..//arch/arm_gcc/rza1/chip_kernel_impl.c
arm-atollic-eabi-gcc -c -MD -MP -MF deps/gic_kernel_impl.d -O2 -Wall -g   -mlittle-endian -mcpu=cortex-a9  -DTOPPERS_EXECUTE_ON_ROM -D__TARGET_ARCH_ARM=7  -I. -I../../../..//include  -I../../../..//target/gr_peach_gcc -I../../../..//arch/arm_gcc/rza1 -I../../../..//arch/arm_gcc/common -I../../../..//arch/gcc -I../../../../ -I../../../..//sample -I./gen -I../../../..//tecs_kernel -DALLFUNC  -I../../../..//kernel ../../../..//arch/arm_gcc/common/gic_kernel_impl.c
arm-atollic-eabi-gcc -c -MD -MP -MF deps/chip_timer.d -O2 -Wall -g   -mlittle-endian -mcpu=cortex-a9  -DTOPPERS_EXECUTE_ON_ROM -D__TARGET_ARCH_ARM=7  -I. -I../../../..//include  -I../../../..//target/gr_peach_gcc -I../../../..//arch/arm_gcc/rza1 -I../../../..//arch/arm_gcc/common -I../../../..//arch/gcc -I../../../../ -I../../../..//sample -I./gen -I../../../..//tecs_kernel -DALLFUNC  -I../../../..//kernel ../../../..//arch/arm_gcc/rza1/chip_timer.c
arm-atollic-eabi-gcc -c -MD -MP -MF deps/core_kernel_impl.d -O2 -Wall -g   -mlittle-endian -mcpu=cortex-a9  -DTOPPERS_EXECUTE_ON_ROM -D__TARGET_ARCH_ARM=7  -I. -I../../../..//include  -I../../../..//target/gr_peach_gcc -I../../../..//arch/arm_gcc/rza1 -I../../../..//arch/arm_gcc/common -I../../../..//arch/gcc -I../../../../ -I../../../..//sample -I./gen -I../../../..//tecs_kernel -DALLFUNC  -I../../../..//kernel ../../../..//arch/arm_gcc/common/core_kernel_impl.c
arm-atollic-eabi-gcc -c -MD -MP -MF deps/arm.d -O2 -Wall -g   -mlittle-endian -mcpu=cortex-a9  -DTOPPERS_EXECUTE_ON_ROM -D__TARGET_ARCH_ARM=7  -I. -I../../../..//include  -I../../../..//target/gr_peach_gcc -I../../../..//arch/arm_gcc/rza1 -I../../../..//arch/arm_gcc/common -I../../../..//arch/gcc -I../../../../ -I../../../..//sample -I./gen -I../../../..//tecs_kernel -DALLFUNC  -I../../../..//kernel ../../../..//arch/arm_gcc/common/arm.c
arm-atollic-eabi-gcc -c -MD -MP -MF deps/startup.d -O2 -Wall -g   -mlittle-endian -mcpu=cortex-a9  -DTOPPERS_EXECUTE_ON_ROM -D__TARGET_ARCH_ARM=7  -I. -I../../../..//include  -I../../../..//target/gr_peach_gcc -I../../../..//arch/arm_gcc/rza1 -I../../../..//arch/arm_gcc/common -I../../../..//arch/gcc -I../../../../ -I../../../..//sample -I./gen -I../../../..//tecs_kernel -DALLFUNC  -I../../../..//kernel ../../../..//kernel/startup.c
arm-atollic-eabi-gcc -c -MD -MP -MF deps/task.d -O2 -Wall -g   -mlittle-endian -mcpu=cortex-a9  -DTOPPERS_EXECUTE_ON_ROM -D__TARGET_ARCH_ARM=7  -I. -I../../../..//include  -I../../../..//target/gr_peach_gcc -I../../../..//arch/arm_gcc/rza1 -I../../../..//arch/arm_gcc/common -I../../../..//arch/gcc -I../../../../ -I../../../..//sample -I./gen -I../../../..//tecs_kernel -DALLFUNC  -I../../../..//kernel ../../../..//kernel/task.c
arm-atollic-eabi-gcc -c -MD -MP -MF deps/taskhook.d -O2 -Wall -g   -mlittle-endian -mcpu=cortex-a9  -DTOPPERS_EXECUTE_ON_ROM -D__TARGET_ARCH_ARM=7  -I. -I../../../..//include  -I../../../..//target/gr_peach_gcc -I../../../..//arch/arm_gcc/rza1 -I../../../..//arch/arm_gcc/common -I../../../..//arch/gcc -I../../../../ -I../../../..//sample -I./gen -I../../../..//tecs_kernel -DALLFUNC  -I../../../..//kernel ../../../..//kernel/taskhook.c
arm-atollic-eabi-gcc -c -MD -MP -MF deps/wait.d -O2 -Wall -g   -mlittle-endian -mcpu=cortex-a9  -DTOPPERS_EXECUTE_ON_ROM -D__TARGET_ARCH_ARM=7  -I. -I../../../..//include  -I../../../..//target/gr_peach_gcc -I../../../..//arch/arm_gcc/rza1 -I../../../..//arch/arm_gcc/common -I../../../..//arch/gcc -I../../../../ -I../../../..//sample -I./gen -I../../../..//tecs_kernel -DALLFUNC  -I../../../..//kernel ../../../..//kernel/wait.c
arm-atollic-eabi-gcc -c -MD -MP -MF deps/time_event.d -O2 -Wall -g   -mlittle-endian -mcpu=cortex-a9  -DTOPPERS_EXECUTE_ON_ROM -D__TARGET_ARCH_ARM=7  -I. -I../../../..//include  -I../../../..//target/gr_peach_gcc -I../../../..//arch/arm_gcc/rza1 -I../../../..//arch/arm_gcc/common -I../../../..//arch/gcc -I../../../../ -I../../../..//sample -I./gen -I../../../..//tecs_kernel -DALLFUNC  -I../../../..//kernel ../../../..//kernel/time_event.c
arm-atollic-eabi-gcc -c -MD -MP -MF deps/task_manage.d -O2 -Wall -g   -mlittle-endian -mcpu=cortex-a9  -DTOPPERS_EXECUTE_ON_ROM -D__TARGET_ARCH_ARM=7  -I. -I../../../..//include  -I../../../..//target/gr_peach_gcc -I../../../..//arch/arm_gcc/rza1 -I../../../..//arch/arm_gcc/common -I../../../..//arch/gcc -I../../../../ -I../../../..//sample -I./gen -I../../../..//tecs_kernel -DALLFUNC  -I../../../..//kernel ../../../..//kernel/task_manage.c
arm-atollic-eabi-gcc -c -MD -MP -MF deps/task_refer.d -O2 -Wall -g   -mlittle-endian -mcpu=cortex-a9  -DTOPPERS_EXECUTE_ON_ROM -D__TARGET_ARCH_ARM=7  -I. -I../../../..//include  -I../../../..//target/gr_peach_gcc -I../../../..//arch/arm_gcc/rza1 -I../../../..//arch/arm_gcc/common -I../../../..//arch/gcc -I../../../../ -I../../../..//sample -I./gen -I../../../..//tecs_kernel -DALLFUNC  -I../../../..//kernel ../../../..//kernel/task_refer.c
arm-atollic-eabi-gcc -c -MD -MP -MF deps/task_sync.d -O2 -Wall -g   -mlittle-endian -mcpu=cortex-a9  -DTOPPERS_EXECUTE_ON_ROM -D__TARGET_ARCH_ARM=7  -I. -I../../../..//include  -I../../../..//target/gr_peach_gcc -I../../../..//arch/arm_gcc/rza1 -I../../../..//arch/arm_gcc/common -I../../../..//arch/gcc -I../../../../ -I../../../..//sample -I./gen -I../../../..//tecs_kernel -DALLFUNC  -I../../../..//kernel ../../../..//kernel/task_sync.c
arm-atollic-eabi-gcc -c -MD -MP -MF deps/task_term.d -O2 -Wall -g   -mlittle-endian -mcpu=cortex-a9  -DTOPPERS_EXECUTE_ON_ROM -D__TARGET_ARCH_ARM=7  -I. -I../../../..//include  -I../../../..//target/gr_peach_gcc -I../../../..//arch/arm_gcc/rza1 -I../../../..//arch/arm_gcc/common -I../../../..//arch/gcc -I../../../../ -I../../../..//sample -I./gen -I../../../..//tecs_kernel -DALLFUNC  -I../../../..//kernel ../../../..//kernel/task_term.c
arm-atollic-eabi-gcc -c -MD -MP -MF deps/semaphore.d -O2 -Wall -g   -mlittle-endian -mcpu=cortex-a9  -DTOPPERS_EXECUTE_ON_ROM -D__TARGET_ARCH_ARM=7  -I. -I../../../..//include  -I../../../..//target/gr_peach_gcc -I../../../..//arch/arm_gcc/rza1 -I../../../..//arch/arm_gcc/common -I../../../..//arch/gcc -I../../../../ -I../../../..//sample -I./gen -I../../../..//tecs_kernel -DALLFUNC  -I../../../..//kernel ../../../..//kernel/semaphore.c
arm-atollic-eabi-gcc -c -MD -MP -MF deps/eventflag.d -O2 -Wall -g   -mlittle-endian -mcpu=cortex-a9  -DTOPPERS_EXECUTE_ON_ROM -D__TARGET_ARCH_ARM=7  -I. -I../../../..//include  -I../../../..//target/gr_peach_gcc -I../../../..//arch/arm_gcc/rza1 -I../../../..//arch/arm_gcc/common -I../../../..//arch/gcc -I../../../../ -I../../../..//sample -I./gen -I../../../..//tecs_kernel -DALLFUNC  -I../../../..//kernel ../../../..//kernel/eventflag.c
arm-atollic-eabi-gcc -c -MD -MP -MF deps/dataqueue.d -O2 -Wall -g   -mlittle-endian -mcpu=cortex-a9  -DTOPPERS_EXECUTE_ON_ROM -D__TARGET_ARCH_ARM=7  -I. -I../../../..//include  -I../../../..//target/gr_peach_gcc -I../../../..//arch/arm_gcc/rza1 -I../../../..//arch/arm_gcc/common -I../../../..//arch/gcc -I../../../../ -I../../../..//sample -I./gen -I../../../..//tecs_kernel -DALLFUNC  -I../../../..//kernel ../../../..//kernel/dataqueue.c
arm-atollic-eabi-gcc -c -MD -MP -MF deps/pridataq.d -O2 -Wall -g   -mlittle-endian -mcpu=cortex-a9  -DTOPPERS_EXECUTE_ON_ROM -D__TARGET_ARCH_ARM=7  -I. -I../../../..//include  -I../../../..//target/gr_peach_gcc -I../../../..//arch/arm_gcc/rza1 -I../../../..//arch/arm_gcc/common -I../../../..//arch/gcc -I../../../../ -I../../../..//sample -I./gen -I../../../..//tecs_kernel -DALLFUNC  -I../../../..//kernel ../../../..//kernel/pridataq.c
arm-atollic-eabi-gcc -c -MD -MP -MF deps/mutex.d -O2 -Wall -g   -mlittle-endian -mcpu=cortex-a9  -DTOPPERS_EXECUTE_ON_ROM -D__TARGET_ARCH_ARM=7  -I. -I../../../..//include  -I../../../..//target/gr_peach_gcc -I../../../..//arch/arm_gcc/rza1 -I../../../..//arch/arm_gcc/common -I../../../..//arch/gcc -I../../../../ -I../../../..//sample -I./gen -I../../../..//tecs_kernel -DALLFUNC  -I../../../..//kernel ../../../..//kernel/mutex.c
arm-atollic-eabi-gcc -c -MD -MP -MF deps/mempfix.d -O2 -Wall -g   -mlittle-endian -mcpu=cortex-a9  -DTOPPERS_EXECUTE_ON_ROM -D__TARGET_ARCH_ARM=7  -I. -I../../../..//include  -I../../../..//target/gr_peach_gcc -I../../../..//arch/arm_gcc/rza1 -I../../../..//arch/arm_gcc/common -I../../../..//arch/gcc -I../../../../ -I../../../..//sample -I./gen -I../../../..//tecs_kernel -DALLFUNC  -I../../../..//kernel ../../../..//kernel/mempfix.c
arm-atollic-eabi-gcc -c -MD -MP -MF deps/time_manage.d -O2 -Wall -g   -mlittle-endian -mcpu=cortex-a9  -DTOPPERS_EXECUTE_ON_ROM -D__TARGET_ARCH_ARM=7  -I. -I../../../..//include  -I../../../..//target/gr_peach_gcc -I../../../..//arch/arm_gcc/rza1 -I../../../..//arch/arm_gcc/common -I../../../..//arch/gcc -I../../../../ -I../../../..//sample -I./gen -I../../../..//tecs_kernel -DALLFUNC  -I../../../..//kernel ../../../..//kernel/time_manage.c
arm-atollic-eabi-gcc -c -MD -MP -MF deps/cyclic.d -O2 -Wall -g   -mlittle-endian -mcpu=cortex-a9  -DTOPPERS_EXECUTE_ON_ROM -D__TARGET_ARCH_ARM=7  -I. -I../../../..//include  -I../../../..//target/gr_peach_gcc -I../../../..//arch/arm_gcc/rza1 -I../../../..//arch/arm_gcc/common -I../../../..//arch/gcc -I../../../../ -I../../../..//sample -I./gen -I../../../..//tecs_kernel -DALLFUNC  -I../../../..//kernel ../../../..//kernel/cyclic.c
arm-atollic-eabi-gcc -c -MD -MP -MF deps/alarm.d -O2 -Wall -g   -mlittle-endian -mcpu=cortex-a9  -DTOPPERS_EXECUTE_ON_ROM -D__TARGET_ARCH_ARM=7  -I. -I../../../..//include  -I../../../..//target/gr_peach_gcc -I../../../..//arch/arm_gcc/rza1 -I../../../..//arch/arm_gcc/common -I../../../..//arch/gcc -I../../../../ -I../../../..//sample -I./gen -I../../../..//tecs_kernel -DALLFUNC  -I../../../..//kernel ../../../..//kernel/alarm.c
arm-atollic-eabi-gcc -c -MD -MP -MF deps/sys_manage.d -O2 -Wall -g   -mlittle-endian -mcpu=cortex-a9  -DTOPPERS_EXECUTE_ON_ROM -D__TARGET_ARCH_ARM=7  -I. -I../../../..//include  -I../../../..//target/gr_peach_gcc -I../../../..//arch/arm_gcc/rza1 -I../../../..//arch/arm_gcc/common -I../../../..//arch/gcc -I../../../../ -I../../../..//sample -I./gen -I../../../..//tecs_kernel -DALLFUNC  -I../../../..//kernel ../../../..//kernel/sys_manage.c
arm-atollic-eabi-gcc -c -MD -MP -MF deps/interrupt.d -O2 -Wall -g   -mlittle-endian -mcpu=cortex-a9  -DTOPPERS_EXECUTE_ON_ROM -D__TARGET_ARCH_ARM=7  -I. -I../../../..//include  -I../../../..//target/gr_peach_gcc -I../../../..//arch/arm_gcc/rza1 -I../../../..//arch/arm_gcc/common -I../../../..//arch/gcc -I../../../../ -I../../../..//sample -I./gen -I../../../..//tecs_kernel -DALLFUNC  -I../../../..//kernel ../../../..//kernel/interrupt.c
arm-atollic-eabi-gcc -c -MD -MP -MF deps/exception.d -O2 -Wall -g   -mlittle-endian -mcpu=cortex-a9  -DTOPPERS_EXECUTE_ON_ROM -D__TARGET_ARCH_ARM=7  -I. -I../../../..//include  -I../../../..//target/gr_peach_gcc -I../../../..//arch/arm_gcc/rza1 -I../../../..//arch/arm_gcc/common -I../../../..//arch/gcc -I../../../../ -I../../../..//sample -I./gen -I../../../..//tecs_kernel -DALLFUNC  -I../../../..//kernel ../../../..//kernel/exception.c
rm -f libkernel.a
arm-atollic-eabi-ar -rcs libkernel.a  target_support.o gic_support.o core_support.o  target_kernel_impl.o pl310.o chip_kernel_impl.o gic_kernel_impl.o chip_timer.o core_kernel_impl.o arm.o startup.o task.o taskhook.o wait.o time_event.o task_manage.o task_refer.o task_sync.o task_term.o semaphore.o eventflag.o dataqueue.o pridataq.o mutex.o mempfix.o time_manage.o cyclic.o alarm.o sys_manage.o interrupt.o exception.o 
arm-atollic-eabi-ranlib libkernel.a
arm-atollic-eabi-gcc -O2 -Wall -g   -mlittle-endian -mcpu=cortex-a9  -DTOPPERS_EXECUTE_ON_ROM -D__TARGET_ARCH_ARM=7  -I. -I../../../..//include  -I../../../..//target/gr_peach_gcc -I../../../..//arch/arm_gcc/rza1 -I../../../..//arch/arm_gcc/common -I../../../..//arch/gcc -I../../../../ -I../../../..//sample -I./gen -I../../../..//tecs_kernel -nostdlib  -mlittle-endian -mcpu=cortex-a9  -Wl,-T,../../../..//target/gr_peach_gcc/gr_peach_rom.ld  -o asp.elf \
		start.o  sample1.o log_output.o vasyslog.o t_perror.o strerror.o   init_tecs.o   sf_boot.o   kernel_cfg.o  \
		libkernel.a -lc -lgcc  
arm-atollic-eabi-gcc: error: sample1.o: No such file or directory
arm-atollic-eabi-gcc: error: init_tecs.o: No such file or directory
make: [Makefile:375: asp.elf] Error 1 (無視されました)
arm-atollic-eabi-objcopy -O binary -S asp.elf asp.bin
arm-atollic-eabi-objcopy: 'asp.elf': No such file
make: [Makefile:389: asp.bin] Error 1 (無視されました)
22:28:30 **** Build of configuration ROM Execution for project asp ****
make -i asp.bin EXECUTE_ON=ROM 
arm-atollic-eabi-gcc -c -MD -MP -MF deps/sample1.d -O2 -Wall -g   -mlittle-endian -mcpu=cortex-a9  -DTOPPERS_EXECUTE_ON_ROM -D__TARGET_ARCH_ARM=7  -I. -I../../../..//include  -I../../../..//target/gr_peach_gcc -I../../../..//arch/arm_gcc/rza1 -I../../../..//arch/arm_gcc/common -I../../../..//arch/gcc -I../../../../ -I../../../..//sample -I./gen -I../../../..//tecs_kernel  sample1.c
sample1.c: In function 'main_task':
sample1.c:285:17: warning: unused variable 'stime2' [-Wunused-variable]
  SYSTIM stime1, stime2;
                 ^~~~~~
sample1.c:285:9: warning: unused variable 'stime1' [-Wunused-variable]
  SYSTIM stime1, stime2;
         ^~~~~~
sample1.c:284:19: warning: unused variable 'i' [-Wunused-variable]
  volatile ulong_t i;
                   ^
arm-atollic-eabi-gcc -c -MD -MP -MF deps/init_tecs.d -O2 -Wall -g   -mlittle-endian -mcpu=cortex-a9  -DTOPPERS_EXECUTE_ON_ROM -D__TARGET_ARCH_ARM=7  -I. -I../../../..//include  -I../../../..//target/gr_peach_gcc -I../../../..//arch/arm_gcc/rza1 -I../../../..//arch/arm_gcc/common -I../../../..//arch/gcc -I../../../../ -I../../../..//sample -I./gen -I../../../..//tecs_kernel  ../../../..//tecs_kernel/init_tecs.c
arm-atollic-eabi-gcc -c -MD -MP -MF deps/tTask_tecsgen.d -O2 -Wall -g   -mlittle-endian -mcpu=cortex-a9  -DTOPPERS_EXECUTE_ON_ROM -D__TARGET_ARCH_ARM=7  -I. -I../../../..//include  -I../../../..//target/gr_peach_gcc -I../../../..//arch/arm_gcc/rza1 -I../../../..//arch/arm_gcc/common -I../../../..//arch/gcc -I../../../../ -I../../../..//sample -I./gen -I../../../..//tecs_kernel  ./gen/tTask_tecsgen.c
arm-atollic-eabi-gcc -c -MD -MP -MF deps/tSemaphore_tecsgen.d -O2 -Wall -g   -mlittle-endian -mcpu=cortex-a9  -DTOPPERS_EXECUTE_ON_ROM -D__TARGET_ARCH_ARM=7  -I. -I../../../..//include  -I../../../..//target/gr_peach_gcc -I../../../..//arch/arm_gcc/rza1 -I../../../..//arch/arm_gcc/common -I../../../..//arch/gcc -I../../../../ -I../../../..//sample -I./gen -I../../../..//tecs_kernel  ./gen/tSemaphore_tecsgen.c
arm-atollic-eabi-gcc -c -MD -MP -MF deps/tInterruptRequest_tecsgen.d -O2 -Wall -g   -mlittle-endian -mcpu=cortex-a9  -DTOPPERS_EXECUTE_ON_ROM -D__TARGET_ARCH_ARM=7  -I. -I../../../..//include  -I../../../..//target/gr_peach_gcc -I../../../..//arch/arm_gcc/rza1 -I../../../..//arch/arm_gcc/common -I../../../..//arch/gcc -I../../../../ -I../../../..//sample -I./gen -I../../../..//tecs_kernel  ./gen/tInterruptRequest_tecsgen.c
arm-atollic-eabi-gcc -c -MD -MP -MF deps/tISR_tecsgen.d -O2 -Wall -g   -mlittle-endian -mcpu=cortex-a9  -DTOPPERS_EXECUTE_ON_ROM -D__TARGET_ARCH_ARM=7  -I. -I../../../..//include  -I../../../..//target/gr_peach_gcc -I../../../..//arch/arm_gcc/rza1 -I../../../..//arch/arm_gcc/common -I../../../..//arch/gcc -I../../../../ -I../../../..//sample -I./gen -I../../../..//tecs_kernel  ./gen/tISR_tecsgen.c
arm-atollic-eabi-gcc -c -MD -MP -MF deps/tInitializeRoutine_tecsgen.d -O2 -Wall -g   -mlittle-endian -mcpu=cortex-a9  -DTOPPERS_EXECUTE_ON_ROM -D__TARGET_ARCH_ARM=7  -I. -I../../../..//include  -I../../../..//target/gr_peach_gcc -I../../../..//arch/arm_gcc/rza1 -I../../../..//arch/arm_gcc/common -I../../../..//arch/gcc -I../../../../ -I../../../..//sample -I./gen -I../../../..//tecs_kernel  ./gen/tInitializeRoutine_tecsgen.c
arm-atollic-eabi-gcc -c -MD -MP -MF deps/tTerminateRoutine_tecsgen.d -O2 -Wall -g   -mlittle-endian -mcpu=cortex-a9  -DTOPPERS_EXECUTE_ON_ROM -D__TARGET_ARCH_ARM=7  -I. -I../../../..//include  -I../../../..//target/gr_peach_gcc -I../../../..//arch/arm_gcc/rza1 -I../../../..//arch/arm_gcc/common -I../../../..//arch/gcc -I../../../../ -I../../../..//sample -I./gen -I../../../..//tecs_kernel  ./gen/tTerminateRoutine_tecsgen.c
arm-atollic-eabi-gcc -c -MD -MP -MF deps/tSerialPortMain_tecsgen.d -O2 -Wall -g   -mlittle-endian -mcpu=cortex-a9  -DTOPPERS_EXECUTE_ON_ROM -D__TARGET_ARCH_ARM=7  -I. -I../../../..//include  -I../../../..//target/gr_peach_gcc -I../../../..//arch/arm_gcc/rza1 -I../../../..//arch/arm_gcc/common -I../../../..//arch/gcc -I../../../../ -I../../../..//sample -I./gen -I../../../..//tecs_kernel  ./gen/tSerialPortMain_tecsgen.c
arm-atollic-eabi-gcc -c -MD -MP -MF deps/tSerialAdapter_tecsgen.d -O2 -Wall -g   -mlittle-endian -mcpu=cortex-a9  -DTOPPERS_EXECUTE_ON_ROM -D__TARGET_ARCH_ARM=7  -I. -I../../../..//include  -I../../../..//target/gr_peach_gcc -I../../../..//arch/arm_gcc/rza1 -I../../../..//arch/arm_gcc/common -I../../../..//arch/gcc -I../../../../ -I../../../..//sample -I./gen -I../../../..//tecs_kernel  ./gen/tSerialAdapter_tecsgen.c
arm-atollic-eabi-gcc -c -MD -MP -MF deps/tSysLog_tecsgen.d -O2 -Wall -g   -mlittle-endian -mcpu=cortex-a9  -DTOPPERS_EXECUTE_ON_ROM -D__TARGET_ARCH_ARM=7  -I. -I../../../..//include  -I../../../..//target/gr_peach_gcc -I../../../..//arch/arm_gcc/rza1 -I../../../..//arch/arm_gcc/common -I../../../..//arch/gcc -I../../../../ -I../../../..//sample -I./gen -I../../../..//tecs_kernel  ./gen/tSysLog_tecsgen.c
arm-atollic-eabi-gcc -c -MD -MP -MF deps/tSysLogAdapter_tecsgen.d -O2 -Wall -g   -mlittle-endian -mcpu=cortex-a9  -DTOPPERS_EXECUTE_ON_ROM -D__TARGET_ARCH_ARM=7  -I. -I../../../..//include  -I../../../..//target/gr_peach_gcc -I../../../..//arch/arm_gcc/rza1 -I../../../..//arch/arm_gcc/common -I../../../..//arch/gcc -I../../../../ -I../../../..//sample -I./gen -I../../../..//tecs_kernel  ./gen/tSysLogAdapter_tecsgen.c
arm-atollic-eabi-gcc -c -MD -MP -MF deps/tLogTaskMain_tecsgen.d -O2 -Wall -g   -mlittle-endian -mcpu=cortex-a9  -DTOPPERS_EXECUTE_ON_ROM -D__TARGET_ARCH_ARM=7  -I. -I../../../..//include  -I../../../..//target/gr_peach_gcc -I../../../..//arch/arm_gcc/rza1 -I../../../..//arch/arm_gcc/common -I../../../..//arch/gcc -I../../../../ -I../../../..//sample -I./gen -I../../../..//tecs_kernel  ./gen/tLogTaskMain_tecsgen.c
arm-atollic-eabi-gcc -c -MD -MP -MF deps/tBannerMain_tecsgen.d -O2 -Wall -g   -mlittle-endian -mcpu=cortex-a9  -DTOPPERS_EXECUTE_ON_ROM -D__TARGET_ARCH_ARM=7  -I. -I../../../..//include  -I../../../..//target/gr_peach_gcc -I../../../..//arch/arm_gcc/rza1 -I../../../..//arch/arm_gcc/common -I../../../..//arch/gcc -I../../../../ -I../../../..//sample -I./gen -I../../../..//tecs_kernel  ./gen/tBannerMain_tecsgen.c
arm-atollic-eabi-gcc -c -MD -MP -MF deps/tPutLogGRPeach_tecsgen.d -O2 -Wall -g   -mlittle-endian -mcpu=cortex-a9  -DTOPPERS_EXECUTE_ON_ROM -D__TARGET_ARCH_ARM=7  -I. -I../../../..//include  -I../../../..//target/gr_peach_gcc -I../../../..//arch/arm_gcc/rza1 -I../../../..//arch/arm_gcc/common -I../../../..//arch/gcc -I../../../../ -I../../../..//sample -I./gen -I../../../..//tecs_kernel  ./gen/tPutLogGRPeach_tecsgen.c
arm-atollic-eabi-gcc -c -MD -MP -MF deps/tSCIF_tecsgen.d -O2 -Wall -g   -mlittle-endian -mcpu=cortex-a9  -DTOPPERS_EXECUTE_ON_ROM -D__TARGET_ARCH_ARM=7  -I. -I../../../..//include  -I../../../..//target/gr_peach_gcc -I../../../..//arch/arm_gcc/rza1 -I../../../..//arch/arm_gcc/common -I../../../..//arch/gcc -I../../../../ -I../../../..//sample -I./gen -I../../../..//tecs_kernel  ./gen/tSCIF_tecsgen.c
arm-atollic-eabi-gcc -c -MD -MP -MF deps/tSIOPortGRPeachMain_tecsgen.d -O2 -Wall -g   -mlittle-endian -mcpu=cortex-a9  -DTOPPERS_EXECUTE_ON_ROM -D__TARGET_ARCH_ARM=7  -I. -I../../../..//include  -I../../../..//target/gr_peach_gcc -I../../../..//arch/arm_gcc/rza1 -I../../../..//arch/arm_gcc/common -I../../../..//arch/gcc -I../../../../ -I../../../..//sample -I./gen -I../../../..//tecs_kernel  ./gen/tSIOPortGRPeachMain_tecsgen.c
arm-atollic-eabi-gcc -c -MD -MP -MF deps/tTask.d -O2 -Wall -g   -mlittle-endian -mcpu=cortex-a9  -DTOPPERS_EXECUTE_ON_ROM -D__TARGET_ARCH_ARM=7  -I. -I../../../..//include  -I../../../..//target/gr_peach_gcc -I../../../..//arch/arm_gcc/rza1 -I../../../..//arch/arm_gcc/common -I../../../..//arch/gcc -I../../../../ -I../../../..//sample -I./gen -I../../../..//tecs_kernel  ../../../..//tecs_kernel/tTask.c
arm-atollic-eabi-gcc -c -MD -MP -MF deps/tISR.d -O2 -Wall -g   -mlittle-endian -mcpu=cortex-a9  -DTOPPERS_EXECUTE_ON_ROM -D__TARGET_ARCH_ARM=7  -I. -I../../../..//include  -I../../../..//target/gr_peach_gcc -I../../../..//arch/arm_gcc/rza1 -I../../../..//arch/arm_gcc/common -I../../../..//arch/gcc -I../../../../ -I../../../..//sample -I./gen -I../../../..//tecs_kernel  ../../../..//tecs_kernel/tISR.c
arm-atollic-eabi-gcc -c -MD -MP -MF deps/tInitializeRoutine.d -O2 -Wall -g   -mlittle-endian -mcpu=cortex-a9  -DTOPPERS_EXECUTE_ON_ROM -D__TARGET_ARCH_ARM=7  -I. -I../../../..//include  -I../../../..//target/gr_peach_gcc -I../../../..//arch/arm_gcc/rza1 -I../../../..//arch/arm_gcc/common -I../../../..//arch/gcc -I../../../../ -I../../../..//sample -I./gen -I../../../..//tecs_kernel  ../../../..//tecs_kernel/tInitializeRoutine.c
arm-atollic-eabi-gcc -c -MD -MP -MF deps/tTerminateRoutine.d -O2 -Wall -g   -mlittle-endian -mcpu=cortex-a9  -DTOPPERS_EXECUTE_ON_ROM -D__TARGET_ARCH_ARM=7  -I. -I../../../..//include  -I../../../..//target/gr_peach_gcc -I../../../..//arch/arm_gcc/rza1 -I../../../..//arch/arm_gcc/common -I../../../..//arch/gcc -I../../../../ -I../../../..//sample -I./gen -I../../../..//tecs_kernel  ../../../..//tecs_kernel/tTerminateRoutine.c
arm-atollic-eabi-gcc -c -MD -MP -MF deps/tSerialPortMain.d -O2 -Wall -g   -mlittle-endian -mcpu=cortex-a9  -DTOPPERS_EXECUTE_ON_ROM -D__TARGET_ARCH_ARM=7  -I. -I../../../..//include  -I../../../..//target/gr_peach_gcc -I../../../..//arch/arm_gcc/rza1 -I../../../..//arch/arm_gcc/common -I../../../..//arch/gcc -I../../../../ -I../../../..//sample -I./gen -I../../../..//tecs_kernel  ../../../..//syssvc/tSerialPortMain.c
arm-atollic-eabi-gcc -c -MD -MP -MF deps/tSerialAdapter.d -O2 -Wall -g   -mlittle-endian -mcpu=cortex-a9  -DTOPPERS_EXECUTE_ON_ROM -D__TARGET_ARCH_ARM=7  -I. -I../../../..//include  -I../../../..//target/gr_peach_gcc -I../../../..//arch/arm_gcc/rza1 -I../../../..//arch/arm_gcc/common -I../../../..//arch/gcc -I../../../../ -I../../../..//sample -I./gen -I../../../..//tecs_kernel  ../../../..//syssvc/tSerialAdapter.c
arm-atollic-eabi-gcc -c -MD -MP -MF deps/tSysLog.d -O2 -Wall -g   -mlittle-endian -mcpu=cortex-a9  -DTOPPERS_EXECUTE_ON_ROM -D__TARGET_ARCH_ARM=7  -I. -I../../../..//include  -I../../../..//target/gr_peach_gcc -I../../../..//arch/arm_gcc/rza1 -I../../../..//arch/arm_gcc/common -I../../../..//arch/gcc -I../../../../ -I../../../..//sample -I./gen -I../../../..//tecs_kernel  ../../../..//syssvc/tSysLog.c
arm-atollic-eabi-gcc -c -MD -MP -MF deps/tSysLogAdapter.d -O2 -Wall -g   -mlittle-endian -mcpu=cortex-a9  -DTOPPERS_EXECUTE_ON_ROM -D__TARGET_ARCH_ARM=7  -I. -I../../../..//include  -I../../../..//target/gr_peach_gcc -I../../../..//arch/arm_gcc/rza1 -I../../../..//arch/arm_gcc/common -I../../../..//arch/gcc -I../../../../ -I../../../..//sample -I./gen -I../../../..//tecs_kernel  ../../../..//syssvc/tSysLogAdapter.c
arm-atollic-eabi-gcc -c -MD -MP -MF deps/tLogTaskMain.d -O2 -Wall -g   -mlittle-endian -mcpu=cortex-a9  -DTOPPERS_EXECUTE_ON_ROM -D__TARGET_ARCH_ARM=7  -I. -I../../../..//include  -I../../../..//target/gr_peach_gcc -I../../../..//arch/arm_gcc/rza1 -I../../../..//arch/arm_gcc/common -I../../../..//arch/gcc -I../../../../ -I../../../..//sample -I./gen -I../../../..//tecs_kernel  ../../../..//syssvc/tLogTaskMain.c
arm-atollic-eabi-gcc -c -MD -MP -MF deps/tPutLogGRPeach.d -O2 -Wall -g   -mlittle-endian -mcpu=cortex-a9  -DTOPPERS_EXECUTE_ON_ROM -D__TARGET_ARCH_ARM=7  -I. -I../../../..//include  -I../../../..//target/gr_peach_gcc -I../../../..//arch/arm_gcc/rza1 -I../../../..//arch/arm_gcc/common -I../../../..//arch/gcc -I../../../../ -I../../../..//sample -I./gen -I../../../..//tecs_kernel  ../../../..//target/gr_peach_gcc/tPutLogGRPeach.c
arm-atollic-eabi-gcc -c -MD -MP -MF deps/tSCIF.d -O2 -Wall -g   -mlittle-endian -mcpu=cortex-a9  -DTOPPERS_EXECUTE_ON_ROM -D__TARGET_ARCH_ARM=7  -I. -I../../../..//include  -I../../../..//target/gr_peach_gcc -I../../../..//arch/arm_gcc/rza1 -I../../../..//arch/arm_gcc/common -I../../../..//arch/gcc -I../../../../ -I../../../..//sample -I./gen -I../../../..//tecs_kernel  ../../../..//arch/arm_gcc/rza1/tSCIF.c
arm-atollic-eabi-gcc -c -MD -MP -MF deps/tBannerMain.d -O2 -Wall -g   -mlittle-endian -mcpu=cortex-a9  -DTOPPERS_EXECUTE_ON_ROM -D__TARGET_ARCH_ARM=7  -I. -I../../../..//include  -I../../../..//target/gr_peach_gcc -I../../../..//arch/arm_gcc/rza1 -I../../../..//arch/arm_gcc/common -I../../../..//arch/gcc -I../../../../ -I../../../..//sample -I./gen -I../../../..//tecs_kernel  ../../../..//syssvc/tBannerMain.c
arm-atollic-eabi-gcc -O2 -Wall -g   -mlittle-endian -mcpu=cortex-a9  -DTOPPERS_EXECUTE_ON_ROM -D__TARGET_ARCH_ARM=7  -I. -I../../../..//include  -I../../../..//target/gr_peach_gcc -I../../../..//arch/arm_gcc/rza1 -I../../../..//arch/arm_gcc/common -I../../../..//arch/gcc -I../../../../ -I../../../..//sample -I./gen -I../../../..//tecs_kernel -nostdlib  -mlittle-endian -mcpu=cortex-a9  -Wl,-T,../../../..//target/gr_peach_gcc/gr_peach_rom.ld  -o asp.elf \
		start.o  sample1.o log_output.o vasyslog.o t_perror.o strerror.o   init_tecs.o tTask_tecsgen.o tSemaphore_tecsgen.o tInterruptRequest_tecsgen.o tISR_tecsgen.o tInitializeRoutine_tecsgen.o tTerminateRoutine_tecsgen.o tSerialPortMain_tecsgen.o tSerialAdapter_tecsgen.o tSysLog_tecsgen.o tSysLogAdapter_tecsgen.o tLogTaskMain_tecsgen.o tBannerMain_tecsgen.o tPutLogGRPeach_tecsgen.o tSCIF_tecsgen.o tSIOPortGRPeachMain_tecsgen.o   tTask.o tISR.o tInitializeRoutine.o tTerminateRoutine.o tSerialPortMain.o tSerialAdapter.o tSysLog.o tSysLogAdapter.o tLogTaskMain.o tBannerMain.o tPutLogGRPeach.o tSCIF.o   sf_boot.o   kernel_cfg.o  \
		libkernel.a -lc -lgcc  
arm-atollic-eabi-objcopy -O binary -S asp.elf asp.bin
22:31:19 **** Incremental Build of configuration ROM Execution for project asp ****
make -i asp.bin EXECUTE_ON=ROM 
make: 'asp.bin' は更新済みです.
22:32:37 **** Incremental Build of configuration ROM Execution for project asp ****
make -i asp.bin EXECUTE_ON=ROM 
make: 'asp.bin' は更新済みです.
22:32:56 **** Incremental Build of configuration ROM Execution for project asp ****
make -i asp.bin EXECUTE_ON=ROM 
make: 'asp.bin' は更新済みです.
22:34:30 **** Incremental Build of configuration ROM Execution for project asp ****
make -i asp.bin EXECUTE_ON=ROM 
make: 'asp.bin' は更新済みです.
